[2022-07-16 13:05:51,504] {taskinstance.py:1179} INFO - Dependencies all met for <TaskInstance: car_price_prediction.pipeline manual__2022-07-16T13:05:46.835256+00:00 [queued]>
[2022-07-16 13:05:51,524] {taskinstance.py:1179} INFO - Dependencies all met for <TaskInstance: car_price_prediction.pipeline manual__2022-07-16T13:05:46.835256+00:00 [queued]>
[2022-07-16 13:05:51,526] {taskinstance.py:1376} INFO - 
--------------------------------------------------------------------------------
[2022-07-16 13:05:51,528] {taskinstance.py:1377} INFO - Starting attempt 1 of 2
[2022-07-16 13:05:51,529] {taskinstance.py:1378} INFO - 
--------------------------------------------------------------------------------
[2022-07-16 13:05:51,572] {taskinstance.py:1397} INFO - Executing <Task(PythonOperator): pipeline> on 2022-07-16 13:05:46.835256+00:00
[2022-07-16 13:05:51,596] {standard_task_runner.py:52} INFO - Started process 3925 to run task
[2022-07-16 13:05:51,605] {standard_task_runner.py:79} INFO - Running: ['***', 'tasks', 'run', 'car_price_prediction', 'pipeline', 'manual__2022-07-16T13:05:46.835256+00:00', '--job-id', '60', '--raw', '--subdir', 'DAGS_FOLDER/hw_dag.py', '--cfg-path', '/tmp/tmpnrkulaop', '--error-file', '/tmp/tmp8nrqu1v_']
[2022-07-16 13:05:51,611] {standard_task_runner.py:80} INFO - Job 60: Subtask pipeline
[2022-07-16 13:05:51,758] {task_command.py:371} INFO - Running <TaskInstance: car_price_prediction.pipeline manual__2022-07-16T13:05:46.835256+00:00 [running]> on host 744d078d7eff
[2022-07-16 13:05:51,919] {taskinstance.py:1591} INFO - Exporting the following env vars:
AIRFLOW_CTX_DAG_OWNER=***
AIRFLOW_CTX_DAG_ID=car_price_prediction
AIRFLOW_CTX_TASK_ID=pipeline
AIRFLOW_CTX_EXECUTION_DATE=2022-07-16T13:05:46.835256+00:00
AIRFLOW_CTX_TRY_NUMBER=1
AIRFLOW_CTX_DAG_RUN_ID=manual__2022-07-16T13:05:46.835256+00:00
[2022-07-16 13:05:55,273] {pipeline.py:116} INFO - model: LogisticRegression, acc_mean: 0.7591, acc_std: 0.0075
[2022-07-16 13:05:55,274] {pipeline.py:121} INFO - best model: LogisticRegression, accuracy: 0.7591
[2022-07-16 13:05:56,154] {pipeline.py:129} INFO - Model is saved as /opt/***/dags/data/models/cars_pipe.pkl
[2022-07-16 13:05:56,169] {python.py:173} INFO - Done. Returned value was: None
[2022-07-16 13:05:56,212] {taskinstance.py:1420} INFO - Marking task as SUCCESS. dag_id=car_price_prediction, task_id=pipeline, execution_date=20220716T130546, start_date=20220716T130551, end_date=20220716T130556
[2022-07-16 13:05:56,406] {local_task_job.py:156} INFO - Task exited with return code 0
[2022-07-16 13:05:56,509] {local_task_job.py:273} INFO - 1 downstream tasks scheduled from follow-on schedule check
