[2022-07-16 15:51:39,563] {taskinstance.py:1179} INFO - Dependencies all met for <TaskInstance: car_price_prediction.predict scheduled__2022-07-15T15:00:00+00:00 [queued]>
[2022-07-16 15:51:39,588] {taskinstance.py:1179} INFO - Dependencies all met for <TaskInstance: car_price_prediction.predict scheduled__2022-07-15T15:00:00+00:00 [queued]>
[2022-07-16 15:51:39,590] {taskinstance.py:1376} INFO - 
--------------------------------------------------------------------------------
[2022-07-16 15:51:39,591] {taskinstance.py:1377} INFO - Starting attempt 1 of 2
[2022-07-16 15:51:39,593] {taskinstance.py:1378} INFO - 
--------------------------------------------------------------------------------
[2022-07-16 15:51:39,615] {taskinstance.py:1397} INFO - Executing <Task(PythonOperator): predict> on 2022-07-15 15:00:00+00:00
[2022-07-16 15:51:39,632] {standard_task_runner.py:52} INFO - Started process 4637 to run task
[2022-07-16 15:51:39,641] {standard_task_runner.py:79} INFO - Running: ['***', 'tasks', 'run', 'car_price_prediction', 'predict', 'scheduled__2022-07-15T15:00:00+00:00', '--job-id', '68', '--raw', '--subdir', 'DAGS_FOLDER/hw_dag.py', '--cfg-path', '/tmp/tmpz7n90u18', '--error-file', '/tmp/tmp40famj1s']
[2022-07-16 15:51:39,649] {standard_task_runner.py:80} INFO - Job 68: Subtask predict
[2022-07-16 15:51:39,855] {task_command.py:371} INFO - Running <TaskInstance: car_price_prediction.predict scheduled__2022-07-15T15:00:00+00:00 [running]> on host 744d078d7eff
[2022-07-16 15:51:40,044] {taskinstance.py:1591} INFO - Exporting the following env vars:
AIRFLOW_CTX_DAG_OWNER=***
AIRFLOW_CTX_DAG_ID=car_price_prediction
AIRFLOW_CTX_TASK_ID=predict
AIRFLOW_CTX_EXECUTION_DATE=2022-07-15T15:00:00+00:00
AIRFLOW_CTX_TRY_NUMBER=1
AIRFLOW_CTX_DAG_RUN_ID=scheduled__2022-07-15T15:00:00+00:00
[2022-07-16 15:51:40,209] {python.py:173} INFO - Done. Returned value was: None
[2022-07-16 15:51:40,252] {taskinstance.py:1420} INFO - Marking task as SUCCESS. dag_id=car_price_prediction, task_id=predict, execution_date=20220715T150000, start_date=20220716T155139, end_date=20220716T155140
[2022-07-16 15:51:40,336] {local_task_job.py:156} INFO - Task exited with return code 0
[2022-07-16 15:51:40,434] {local_task_job.py:273} INFO - 0 downstream tasks scheduled from follow-on schedule check
