[2022-07-16 13:08:04,022] {taskinstance.py:1179} INFO - Dependencies all met for <TaskInstance: car_price_prediction.pipeline manual__2022-07-16T13:07:58.849166+00:00 [queued]>
[2022-07-16 13:08:04,060] {taskinstance.py:1179} INFO - Dependencies all met for <TaskInstance: car_price_prediction.pipeline manual__2022-07-16T13:07:58.849166+00:00 [queued]>
[2022-07-16 13:08:04,062] {taskinstance.py:1376} INFO - 
--------------------------------------------------------------------------------
[2022-07-16 13:08:04,064] {taskinstance.py:1377} INFO - Starting attempt 1 of 2
[2022-07-16 13:08:04,066] {taskinstance.py:1378} INFO - 
--------------------------------------------------------------------------------
[2022-07-16 13:08:04,153] {taskinstance.py:1397} INFO - Executing <Task(PythonOperator): pipeline> on 2022-07-16 13:07:58.849166+00:00
[2022-07-16 13:08:04,177] {standard_task_runner.py:52} INFO - Started process 4014 to run task
[2022-07-16 13:08:04,194] {standard_task_runner.py:79} INFO - Running: ['***', 'tasks', 'run', 'car_price_prediction', 'pipeline', 'manual__2022-07-16T13:07:58.849166+00:00', '--job-id', '63', '--raw', '--subdir', 'DAGS_FOLDER/hw_dag.py', '--cfg-path', '/tmp/tmpdz2jzobg', '--error-file', '/tmp/tmpj9k1i7zm']
[2022-07-16 13:08:04,199] {standard_task_runner.py:80} INFO - Job 63: Subtask pipeline
[2022-07-16 13:08:04,455] {task_command.py:371} INFO - Running <TaskInstance: car_price_prediction.pipeline manual__2022-07-16T13:07:58.849166+00:00 [running]> on host 744d078d7eff
[2022-07-16 13:08:04,765] {taskinstance.py:1591} INFO - Exporting the following env vars:
AIRFLOW_CTX_DAG_OWNER=***
AIRFLOW_CTX_DAG_ID=car_price_prediction
AIRFLOW_CTX_TASK_ID=pipeline
AIRFLOW_CTX_EXECUTION_DATE=2022-07-16T13:07:58.849166+00:00
AIRFLOW_CTX_TRY_NUMBER=1
AIRFLOW_CTX_DAG_RUN_ID=manual__2022-07-16T13:07:58.849166+00:00
[2022-07-16 13:08:08,762] {pipeline.py:116} INFO - model: LogisticRegression, acc_mean: 0.7591, acc_std: 0.0075
[2022-07-16 13:08:08,765] {pipeline.py:121} INFO - best model: LogisticRegression, accuracy: 0.7591
[2022-07-16 13:08:10,485] {pipeline.py:129} INFO - Model is saved as /opt/***/dags/data/models/cars_pipe.pkl
[2022-07-16 13:08:10,537] {python.py:173} INFO - Done. Returned value was: None
[2022-07-16 13:08:10,646] {taskinstance.py:1420} INFO - Marking task as SUCCESS. dag_id=car_price_prediction, task_id=pipeline, execution_date=20220716T130758, start_date=20220716T130804, end_date=20220716T130810
[2022-07-16 13:08:11,171] {local_task_job.py:156} INFO - Task exited with return code 0
[2022-07-16 13:08:11,321] {local_task_job.py:273} INFO - 0 downstream tasks scheduled from follow-on schedule check
