[2022-07-15 00:39:47,774] {taskinstance.py:1179} INFO - Dependencies all met for <TaskInstance: car_price_prediction.pipeline scheduled__2022-06-25T15:00:00+00:00 [queued]>
[2022-07-15 00:39:48,015] {taskinstance.py:1179} INFO - Dependencies all met for <TaskInstance: car_price_prediction.pipeline scheduled__2022-06-25T15:00:00+00:00 [queued]>
[2022-07-15 00:39:48,017] {taskinstance.py:1376} INFO - 
--------------------------------------------------------------------------------
[2022-07-15 00:39:48,030] {taskinstance.py:1377} INFO - Starting attempt 2 of 2
[2022-07-15 00:39:48,042] {taskinstance.py:1378} INFO - 
--------------------------------------------------------------------------------
[2022-07-15 00:39:48,235] {taskinstance.py:1397} INFO - Executing <Task(PythonOperator): pipeline> on 2022-06-25 15:00:00+00:00
[2022-07-15 00:39:48,537] {standard_task_runner.py:52} INFO - Started process 340 to run task
[2022-07-15 00:39:49,123] {standard_task_runner.py:79} INFO - Running: ['***', 'tasks', 'run', 'car_price_prediction', 'pipeline', 'scheduled__2022-06-25T15:00:00+00:00', '--job-id', '20', '--raw', '--subdir', 'DAGS_FOLDER/hw_dag.py', '--cfg-path', '/tmp/tmpjref1bcm', '--error-file', '/tmp/tmp5jt0l7ut']
[2022-07-15 00:39:49,325] {standard_task_runner.py:80} INFO - Job 20: Subtask pipeline
[2022-07-15 00:39:53,007] {task_command.py:371} INFO - Running <TaskInstance: car_price_prediction.pipeline scheduled__2022-06-25T15:00:00+00:00 [running]> on host 744d078d7eff
[2022-07-15 00:39:57,975] {taskinstance.py:1591} INFO - Exporting the following env vars:
AIRFLOW_CTX_DAG_OWNER=***
AIRFLOW_CTX_DAG_ID=car_price_prediction
AIRFLOW_CTX_TASK_ID=pipeline
AIRFLOW_CTX_EXECUTION_DATE=2022-06-25T15:00:00+00:00
AIRFLOW_CTX_TRY_NUMBER=2
AIRFLOW_CTX_DAG_RUN_ID=scheduled__2022-06-25T15:00:00+00:00
[2022-07-15 00:39:57,997] {taskinstance.py:1909} ERROR - Task failed with exception
Traceback (most recent call last):
  File "/home/airflow/.local/lib/python3.7/site-packages/airflow/operators/python.py", line 171, in execute
    return_value = self.execute_callable()
  File "/home/airflow/.local/lib/python3.7/site-packages/airflow/operators/python.py", line 189, in execute_callable
    return self.python_callable(*self.op_args, **self.op_kwargs)
  File "/opt/airflow/dags/modules/pipeline.py", line 70, in pipeline
    df = pd.read_csv(f'{path}/data/train/homework.csv')
  File "/home/airflow/.local/lib/python3.7/site-packages/pandas/util/_decorators.py", line 311, in wrapper
    return func(*args, **kwargs)
  File "/home/airflow/.local/lib/python3.7/site-packages/pandas/io/parsers/readers.py", line 586, in read_csv
    return _read(filepath_or_buffer, kwds)
  File "/home/airflow/.local/lib/python3.7/site-packages/pandas/io/parsers/readers.py", line 482, in _read
    parser = TextFileReader(filepath_or_buffer, **kwds)
  File "/home/airflow/.local/lib/python3.7/site-packages/pandas/io/parsers/readers.py", line 811, in __init__
    self._engine = self._make_engine(self.engine)
  File "/home/airflow/.local/lib/python3.7/site-packages/pandas/io/parsers/readers.py", line 1040, in _make_engine
    return mapping[engine](self.f, **self.options)  # type: ignore[call-arg]
  File "/home/airflow/.local/lib/python3.7/site-packages/pandas/io/parsers/c_parser_wrapper.py", line 51, in __init__
    self._open_handles(src, kwds)
  File "/home/airflow/.local/lib/python3.7/site-packages/pandas/io/parsers/base_parser.py", line 229, in _open_handles
    errors=kwds.get("encoding_errors", "strict"),
  File "/home/airflow/.local/lib/python3.7/site-packages/pandas/io/common.py", line 707, in get_handle
    newline="",
FileNotFoundError: [Errno 2] No such file or directory: '/Users/yuliv/airflow/airflow_hw/data/train/homework.csv'
[2022-07-15 00:39:58,256] {taskinstance.py:1420} INFO - Marking task as FAILED. dag_id=car_price_prediction, task_id=pipeline, execution_date=20220625T150000, start_date=20220715T003947, end_date=20220715T003958
[2022-07-15 00:39:58,543] {standard_task_runner.py:97} ERROR - Failed to execute job 20 for task pipeline ([Errno 2] No such file or directory: '/Users/yuliv/airflow/airflow_hw/data/train/homework.csv'; 340)
[2022-07-15 00:39:59,060] {local_task_job.py:156} INFO - Task exited with return code 1
[2022-07-15 00:40:00,318] {local_task_job.py:273} INFO - 0 downstream tasks scheduled from follow-on schedule check
