[2022-07-16 13:08:15,535] {taskinstance.py:1179} INFO - Dependencies all met for <TaskInstance: car_price_prediction.predict manual__2022-07-16T13:07:58.849166+00:00 [queued]>
[2022-07-16 13:08:15,555] {taskinstance.py:1179} INFO - Dependencies all met for <TaskInstance: car_price_prediction.predict manual__2022-07-16T13:07:58.849166+00:00 [queued]>
[2022-07-16 13:08:15,557] {taskinstance.py:1376} INFO - 
--------------------------------------------------------------------------------
[2022-07-16 13:08:15,558] {taskinstance.py:1377} INFO - Starting attempt 1 of 2
[2022-07-16 13:08:15,560] {taskinstance.py:1378} INFO - 
--------------------------------------------------------------------------------
[2022-07-16 13:08:15,595] {taskinstance.py:1397} INFO - Executing <Task(PythonOperator): predict> on 2022-07-16 13:07:58.849166+00:00
[2022-07-16 13:08:15,609] {standard_task_runner.py:52} INFO - Started process 4019 to run task
[2022-07-16 13:08:15,620] {standard_task_runner.py:79} INFO - Running: ['***', 'tasks', 'run', 'car_price_prediction', 'predict', 'manual__2022-07-16T13:07:58.849166+00:00', '--job-id', '64', '--raw', '--subdir', 'DAGS_FOLDER/hw_dag.py', '--cfg-path', '/tmp/tmp76bnr3j_', '--error-file', '/tmp/tmpr6xa1j80']
[2022-07-16 13:08:15,623] {standard_task_runner.py:80} INFO - Job 64: Subtask predict
[2022-07-16 13:08:15,798] {task_command.py:371} INFO - Running <TaskInstance: car_price_prediction.predict manual__2022-07-16T13:07:58.849166+00:00 [running]> on host 744d078d7eff
[2022-07-16 13:08:15,998] {taskinstance.py:1591} INFO - Exporting the following env vars:
AIRFLOW_CTX_DAG_OWNER=***
AIRFLOW_CTX_DAG_ID=car_price_prediction
AIRFLOW_CTX_TASK_ID=predict
AIRFLOW_CTX_EXECUTION_DATE=2022-07-16T13:07:58.849166+00:00
AIRFLOW_CTX_TRY_NUMBER=1
AIRFLOW_CTX_DAG_RUN_ID=manual__2022-07-16T13:07:58.849166+00:00
[2022-07-16 13:08:16,242] {python.py:173} INFO - Done. Returned value was: None
[2022-07-16 13:08:16,303] {taskinstance.py:1420} INFO - Marking task as SUCCESS. dag_id=car_price_prediction, task_id=predict, execution_date=20220716T130758, start_date=20220716T130815, end_date=20220716T130816
[2022-07-16 13:08:16,422] {local_task_job.py:156} INFO - Task exited with return code 0
[2022-07-16 13:08:16,537] {local_task_job.py:273} INFO - 0 downstream tasks scheduled from follow-on schedule check
