[2022-07-15 00:39:42,883] {taskinstance.py:1179} INFO - Dependencies all met for <TaskInstance: car_price_prediction.pipeline scheduled__2022-06-14T15:00:00+00:00 [queued]>
[2022-07-15 00:39:43,129] {taskinstance.py:1179} INFO - Dependencies all met for <TaskInstance: car_price_prediction.pipeline scheduled__2022-06-14T15:00:00+00:00 [queued]>
[2022-07-15 00:39:43,143] {taskinstance.py:1376} INFO - 
--------------------------------------------------------------------------------
[2022-07-15 00:39:43,153] {taskinstance.py:1377} INFO - Starting attempt 2 of 2
[2022-07-15 00:39:43,155] {taskinstance.py:1378} INFO - 
--------------------------------------------------------------------------------
[2022-07-15 00:39:43,664] {taskinstance.py:1397} INFO - Executing <Task(PythonOperator): pipeline> on 2022-06-14 15:00:00+00:00
[2022-07-15 00:39:43,869] {standard_task_runner.py:52} INFO - Started process 338 to run task
[2022-07-15 00:39:43,884] {standard_task_runner.py:79} INFO - Running: ['***', 'tasks', 'run', 'car_price_prediction', 'pipeline', 'scheduled__2022-06-14T15:00:00+00:00', '--job-id', '18', '--raw', '--subdir', 'DAGS_FOLDER/hw_dag.py', '--cfg-path', '/tmp/tmpg7osvcw0', '--error-file', '/tmp/tmpfi2skup_']
[2022-07-15 00:39:43,899] {standard_task_runner.py:80} INFO - Job 18: Subtask pipeline
[2022-07-15 00:39:45,929] {task_command.py:371} INFO - Running <TaskInstance: car_price_prediction.pipeline scheduled__2022-06-14T15:00:00+00:00 [running]> on host 744d078d7eff
[2022-07-15 00:39:48,459] {taskinstance.py:1591} INFO - Exporting the following env vars:
AIRFLOW_CTX_DAG_OWNER=***
AIRFLOW_CTX_DAG_ID=car_price_prediction
AIRFLOW_CTX_TASK_ID=pipeline
AIRFLOW_CTX_EXECUTION_DATE=2022-06-14T15:00:00+00:00
AIRFLOW_CTX_TRY_NUMBER=2
AIRFLOW_CTX_DAG_RUN_ID=scheduled__2022-06-14T15:00:00+00:00
[2022-07-15 00:39:48,615] {taskinstance.py:1909} ERROR - Task failed with exception
Traceback (most recent call last):
  File "/home/airflow/.local/lib/python3.7/site-packages/airflow/operators/python.py", line 171, in execute
    return_value = self.execute_callable()
  File "/home/airflow/.local/lib/python3.7/site-packages/airflow/operators/python.py", line 189, in execute_callable
    return self.python_callable(*self.op_args, **self.op_kwargs)
  File "/opt/airflow/dags/modules/pipeline.py", line 70, in pipeline
    df = pd.read_csv(f'{path}/data/train/homework.csv')
  File "/home/airflow/.local/lib/python3.7/site-packages/pandas/util/_decorators.py", line 311, in wrapper
    return func(*args, **kwargs)
  File "/home/airflow/.local/lib/python3.7/site-packages/pandas/io/parsers/readers.py", line 586, in read_csv
    return _read(filepath_or_buffer, kwds)
  File "/home/airflow/.local/lib/python3.7/site-packages/pandas/io/parsers/readers.py", line 482, in _read
    parser = TextFileReader(filepath_or_buffer, **kwds)
  File "/home/airflow/.local/lib/python3.7/site-packages/pandas/io/parsers/readers.py", line 811, in __init__
    self._engine = self._make_engine(self.engine)
  File "/home/airflow/.local/lib/python3.7/site-packages/pandas/io/parsers/readers.py", line 1040, in _make_engine
    return mapping[engine](self.f, **self.options)  # type: ignore[call-arg]
  File "/home/airflow/.local/lib/python3.7/site-packages/pandas/io/parsers/c_parser_wrapper.py", line 51, in __init__
    self._open_handles(src, kwds)
  File "/home/airflow/.local/lib/python3.7/site-packages/pandas/io/parsers/base_parser.py", line 229, in _open_handles
    errors=kwds.get("encoding_errors", "strict"),
  File "/home/airflow/.local/lib/python3.7/site-packages/pandas/io/common.py", line 707, in get_handle
    newline="",
FileNotFoundError: [Errno 2] No such file or directory: '/Users/yuliv/airflow/airflow_hw/data/train/homework.csv'
[2022-07-15 00:39:48,901] {taskinstance.py:1420} INFO - Marking task as FAILED. dag_id=car_price_prediction, task_id=pipeline, execution_date=20220614T150000, start_date=20220715T003942, end_date=20220715T003948
[2022-07-15 00:39:49,075] {standard_task_runner.py:97} ERROR - Failed to execute job 18 for task pipeline ([Errno 2] No such file or directory: '/Users/yuliv/airflow/airflow_hw/data/train/homework.csv'; 338)
[2022-07-15 00:39:50,233] {local_task_job.py:156} INFO - Task exited with return code 1
[2022-07-15 00:39:51,972] {local_task_job.py:273} INFO - 0 downstream tasks scheduled from follow-on schedule check
