[2022-07-16 15:49:49,559] {taskinstance.py:1179} INFO - Dependencies all met for <TaskInstance: car_price_prediction.pipeline scheduled__2022-07-15T15:00:00+00:00 [queued]>
[2022-07-16 15:49:49,659] {taskinstance.py:1179} INFO - Dependencies all met for <TaskInstance: car_price_prediction.pipeline scheduled__2022-07-15T15:00:00+00:00 [queued]>
[2022-07-16 15:49:49,660] {taskinstance.py:1376} INFO - 
--------------------------------------------------------------------------------
[2022-07-16 15:49:49,664] {taskinstance.py:1377} INFO - Starting attempt 1 of 2
[2022-07-16 15:49:49,675] {taskinstance.py:1378} INFO - 
--------------------------------------------------------------------------------
[2022-07-16 15:49:49,857] {taskinstance.py:1397} INFO - Executing <Task(PythonOperator): pipeline> on 2022-07-15 15:00:00+00:00
[2022-07-16 15:49:49,890] {standard_task_runner.py:52} INFO - Started process 4572 to run task
[2022-07-16 15:49:49,916] {standard_task_runner.py:79} INFO - Running: ['***', 'tasks', 'run', 'car_price_prediction', 'pipeline', 'scheduled__2022-07-15T15:00:00+00:00', '--job-id', '67', '--raw', '--subdir', 'DAGS_FOLDER/hw_dag.py', '--cfg-path', '/tmp/tmpxaj4xqme', '--error-file', '/tmp/tmpkoxa_rmm']
[2022-07-16 15:49:49,926] {standard_task_runner.py:80} INFO - Job 67: Subtask pipeline
[2022-07-16 15:49:50,426] {task_command.py:371} INFO - Running <TaskInstance: car_price_prediction.pipeline scheduled__2022-07-15T15:00:00+00:00 [running]> on host 744d078d7eff
[2022-07-16 15:49:50,783] {taskinstance.py:1591} INFO - Exporting the following env vars:
AIRFLOW_CTX_DAG_OWNER=***
AIRFLOW_CTX_DAG_ID=car_price_prediction
AIRFLOW_CTX_TASK_ID=pipeline
AIRFLOW_CTX_EXECUTION_DATE=2022-07-15T15:00:00+00:00
AIRFLOW_CTX_TRY_NUMBER=1
AIRFLOW_CTX_DAG_RUN_ID=scheduled__2022-07-15T15:00:00+00:00
[2022-07-16 15:49:55,787] {pipeline.py:116} INFO - model: LogisticRegression, acc_mean: 0.7591, acc_std: 0.0075
[2022-07-16 15:50:39,913] {pipeline.py:116} INFO - model: RandomForestClassifier, acc_mean: 0.7763, acc_std: 0.0057
[2022-07-16 15:51:20,896] {pipeline.py:116} INFO - model: SVC, acc_mean: 0.7871, acc_std: 0.0042
[2022-07-16 15:51:20,907] {pipeline.py:121} INFO - best model: SVC, accuracy: 0.7871
[2022-07-16 15:51:36,291] {pipeline.py:129} INFO - Model is saved as /opt/***/dags/data/models/cars_pipe.pkl
[2022-07-16 15:51:36,300] {python.py:173} INFO - Done. Returned value was: None
[2022-07-16 15:51:36,351] {taskinstance.py:1420} INFO - Marking task as SUCCESS. dag_id=car_price_prediction, task_id=pipeline, execution_date=20220715T150000, start_date=20220716T154949, end_date=20220716T155136
[2022-07-16 15:51:36,520] {local_task_job.py:156} INFO - Task exited with return code 0
[2022-07-16 15:51:36,678] {local_task_job.py:273} INFO - 0 downstream tasks scheduled from follow-on schedule check
