[2022-07-15 00:57:41,948] {taskinstance.py:1179} INFO - Dependencies all met for <TaskInstance: car_price_prediction.pipeline manual__2022-07-15T00:57:35.292373+00:00 [queued]>
[2022-07-15 00:57:41,997] {taskinstance.py:1179} INFO - Dependencies all met for <TaskInstance: car_price_prediction.pipeline manual__2022-07-15T00:57:35.292373+00:00 [queued]>
[2022-07-15 00:57:42,002] {taskinstance.py:1376} INFO - 
--------------------------------------------------------------------------------
[2022-07-15 00:57:42,010] {taskinstance.py:1377} INFO - Starting attempt 1 of 2
[2022-07-15 00:57:42,021] {taskinstance.py:1378} INFO - 
--------------------------------------------------------------------------------
[2022-07-15 00:57:42,087] {taskinstance.py:1397} INFO - Executing <Task(PythonOperator): pipeline> on 2022-07-15 00:57:35.292373+00:00
[2022-07-15 00:57:42,117] {standard_task_runner.py:52} INFO - Started process 1020 to run task
[2022-07-15 00:57:42,144] {standard_task_runner.py:79} INFO - Running: ['***', 'tasks', 'run', 'car_price_prediction', 'pipeline', 'manual__2022-07-15T00:57:35.292373+00:00', '--job-id', '42', '--raw', '--subdir', 'DAGS_FOLDER/hw_dag.py', '--cfg-path', '/tmp/tmprvidsjdt', '--error-file', '/tmp/tmp5otbo4pu']
[2022-07-15 00:57:42,152] {standard_task_runner.py:80} INFO - Job 42: Subtask pipeline
[2022-07-15 00:57:42,417] {task_command.py:371} INFO - Running <TaskInstance: car_price_prediction.pipeline manual__2022-07-15T00:57:35.292373+00:00 [running]> on host 744d078d7eff
[2022-07-15 00:57:42,816] {taskinstance.py:1591} INFO - Exporting the following env vars:
AIRFLOW_CTX_DAG_OWNER=***
AIRFLOW_CTX_DAG_ID=car_price_prediction
AIRFLOW_CTX_TASK_ID=pipeline
AIRFLOW_CTX_EXECUTION_DATE=2022-07-15T00:57:35.292373+00:00
AIRFLOW_CTX_TRY_NUMBER=1
AIRFLOW_CTX_DAG_RUN_ID=manual__2022-07-15T00:57:35.292373+00:00
[2022-07-15 00:57:42,845] {taskinstance.py:1909} ERROR - Task failed with exception
Traceback (most recent call last):
  File "/home/airflow/.local/lib/python3.7/site-packages/airflow/operators/python.py", line 171, in execute
    return_value = self.execute_callable()
  File "/home/airflow/.local/lib/python3.7/site-packages/airflow/operators/python.py", line 189, in execute_callable
    return self.python_callable(*self.op_args, **self.op_kwargs)
  File "/opt/airflow/dags/modules/pipeline.py", line 70, in pipeline
    df = pd.read_csv(f'{path}/dags/data/train/homework.csv')
  File "/home/airflow/.local/lib/python3.7/site-packages/pandas/util/_decorators.py", line 311, in wrapper
    return func(*args, **kwargs)
  File "/home/airflow/.local/lib/python3.7/site-packages/pandas/io/parsers/readers.py", line 586, in read_csv
    return _read(filepath_or_buffer, kwds)
  File "/home/airflow/.local/lib/python3.7/site-packages/pandas/io/parsers/readers.py", line 482, in _read
    parser = TextFileReader(filepath_or_buffer, **kwds)
  File "/home/airflow/.local/lib/python3.7/site-packages/pandas/io/parsers/readers.py", line 811, in __init__
    self._engine = self._make_engine(self.engine)
  File "/home/airflow/.local/lib/python3.7/site-packages/pandas/io/parsers/readers.py", line 1040, in _make_engine
    return mapping[engine](self.f, **self.options)  # type: ignore[call-arg]
  File "/home/airflow/.local/lib/python3.7/site-packages/pandas/io/parsers/c_parser_wrapper.py", line 51, in __init__
    self._open_handles(src, kwds)
  File "/home/airflow/.local/lib/python3.7/site-packages/pandas/io/parsers/base_parser.py", line 229, in _open_handles
    errors=kwds.get("encoding_errors", "strict"),
  File "/home/airflow/.local/lib/python3.7/site-packages/pandas/io/common.py", line 707, in get_handle
    newline="",
FileNotFoundError: [Errno 2] No such file or directory: '/Users/yuliv/airflow/airflow_hw/dags/data/train/homework.csv'
[2022-07-15 00:57:42,908] {taskinstance.py:1420} INFO - Marking task as UP_FOR_RETRY. dag_id=car_price_prediction, task_id=pipeline, execution_date=20220715T005735, start_date=20220715T005741, end_date=20220715T005742
[2022-07-15 00:57:43,059] {standard_task_runner.py:97} ERROR - Failed to execute job 42 for task pipeline ([Errno 2] No such file or directory: '/Users/yuliv/airflow/airflow_hw/dags/data/train/homework.csv'; 1020)
[2022-07-15 00:57:43,158] {local_task_job.py:156} INFO - Task exited with return code 1
[2022-07-15 00:57:43,633] {local_task_job.py:273} INFO - 0 downstream tasks scheduled from follow-on schedule check
