[2022-07-16 13:11:09,581] {taskinstance.py:1179} INFO - Dependencies all met for <TaskInstance: car_price_prediction.predict manual__2022-07-16T13:09:01.107175+00:00 [queued]>
[2022-07-16 13:11:09,605] {taskinstance.py:1179} INFO - Dependencies all met for <TaskInstance: car_price_prediction.predict manual__2022-07-16T13:09:01.107175+00:00 [queued]>
[2022-07-16 13:11:09,609] {taskinstance.py:1376} INFO - 
--------------------------------------------------------------------------------
[2022-07-16 13:11:09,614] {taskinstance.py:1377} INFO - Starting attempt 1 of 2
[2022-07-16 13:11:09,615] {taskinstance.py:1378} INFO - 
--------------------------------------------------------------------------------
[2022-07-16 13:11:09,653] {taskinstance.py:1397} INFO - Executing <Task(PythonOperator): predict> on 2022-07-16 13:09:01.107175+00:00
[2022-07-16 13:11:09,672] {standard_task_runner.py:52} INFO - Started process 4123 to run task
[2022-07-16 13:11:09,679] {standard_task_runner.py:79} INFO - Running: ['***', 'tasks', 'run', 'car_price_prediction', 'predict', 'manual__2022-07-16T13:09:01.107175+00:00', '--job-id', '66', '--raw', '--subdir', 'DAGS_FOLDER/hw_dag.py', '--cfg-path', '/tmp/tmphqhw0lhl', '--error-file', '/tmp/tmpx2fl6ymb']
[2022-07-16 13:11:09,687] {standard_task_runner.py:80} INFO - Job 66: Subtask predict
[2022-07-16 13:11:09,990] {task_command.py:371} INFO - Running <TaskInstance: car_price_prediction.predict manual__2022-07-16T13:09:01.107175+00:00 [running]> on host 744d078d7eff
[2022-07-16 13:11:10,175] {taskinstance.py:1591} INFO - Exporting the following env vars:
AIRFLOW_CTX_DAG_OWNER=***
AIRFLOW_CTX_DAG_ID=car_price_prediction
AIRFLOW_CTX_TASK_ID=predict
AIRFLOW_CTX_EXECUTION_DATE=2022-07-16T13:09:01.107175+00:00
AIRFLOW_CTX_TRY_NUMBER=1
AIRFLOW_CTX_DAG_RUN_ID=manual__2022-07-16T13:09:01.107175+00:00
[2022-07-16 13:11:10,345] {python.py:173} INFO - Done. Returned value was: None
[2022-07-16 13:11:10,410] {taskinstance.py:1420} INFO - Marking task as SUCCESS. dag_id=car_price_prediction, task_id=predict, execution_date=20220716T130901, start_date=20220716T131109, end_date=20220716T131110
[2022-07-16 13:11:10,510] {local_task_job.py:156} INFO - Task exited with return code 0
[2022-07-16 13:11:10,637] {local_task_job.py:273} INFO - 0 downstream tasks scheduled from follow-on schedule check
