[2022-07-16 13:01:14,301] {taskinstance.py:1179} INFO - Dependencies all met for <TaskInstance: car_price_prediction.pipeline manual__2022-07-16T13:01:08.489394+00:00 [queued]>
[2022-07-16 13:01:14,360] {taskinstance.py:1179} INFO - Dependencies all met for <TaskInstance: car_price_prediction.pipeline manual__2022-07-16T13:01:08.489394+00:00 [queued]>
[2022-07-16 13:01:14,377] {taskinstance.py:1376} INFO - 
--------------------------------------------------------------------------------
[2022-07-16 13:01:14,379] {taskinstance.py:1377} INFO - Starting attempt 1 of 2
[2022-07-16 13:01:14,380] {taskinstance.py:1378} INFO - 
--------------------------------------------------------------------------------
[2022-07-16 13:01:14,421] {taskinstance.py:1397} INFO - Executing <Task(PythonOperator): pipeline> on 2022-07-16 13:01:08.489394+00:00
[2022-07-16 13:01:14,452] {standard_task_runner.py:52} INFO - Started process 3761 to run task
[2022-07-16 13:01:14,509] {standard_task_runner.py:79} INFO - Running: ['***', 'tasks', 'run', 'car_price_prediction', 'pipeline', 'manual__2022-07-16T13:01:08.489394+00:00', '--job-id', '57', '--raw', '--subdir', 'DAGS_FOLDER/hw_dag.py', '--cfg-path', '/tmp/tmpcoc5ijm5', '--error-file', '/tmp/tmprwvf60a1']
[2022-07-16 13:01:14,515] {standard_task_runner.py:80} INFO - Job 57: Subtask pipeline
[2022-07-16 13:01:14,824] {task_command.py:371} INFO - Running <TaskInstance: car_price_prediction.pipeline manual__2022-07-16T13:01:08.489394+00:00 [running]> on host 744d078d7eff
[2022-07-16 13:01:15,113] {taskinstance.py:1591} INFO - Exporting the following env vars:
AIRFLOW_CTX_DAG_OWNER=***
AIRFLOW_CTX_DAG_ID=car_price_prediction
AIRFLOW_CTX_TASK_ID=pipeline
AIRFLOW_CTX_EXECUTION_DATE=2022-07-16T13:01:08.489394+00:00
AIRFLOW_CTX_TRY_NUMBER=1
AIRFLOW_CTX_DAG_RUN_ID=manual__2022-07-16T13:01:08.489394+00:00
[2022-07-16 13:01:18,961] {pipeline.py:116} INFO - model: LogisticRegression, acc_mean: 0.7591, acc_std: 0.0075
[2022-07-16 13:02:06,760] {pipeline.py:116} INFO - model: RandomForestClassifier, acc_mean: 0.7763, acc_std: 0.0057
[2022-07-16 13:03:05,544] {pipeline.py:116} INFO - model: SVC, acc_mean: 0.7871, acc_std: 0.0042
[2022-07-16 13:03:05,547] {pipeline.py:121} INFO - best model: SVC, accuracy: 0.7871
[2022-07-16 13:03:24,544] {pipeline.py:129} INFO - Model is saved as /opt/***/dags/data/models/cars_pipe.pkl
[2022-07-16 13:03:24,555] {python.py:173} INFO - Done. Returned value was: None
[2022-07-16 13:03:24,594] {taskinstance.py:1420} INFO - Marking task as SUCCESS. dag_id=car_price_prediction, task_id=pipeline, execution_date=20220716T130108, start_date=20220716T130114, end_date=20220716T130324
[2022-07-16 13:03:24,803] {local_task_job.py:156} INFO - Task exited with return code 0
[2022-07-16 13:03:25,027] {local_task_job.py:273} INFO - 1 downstream tasks scheduled from follow-on schedule check
